Mon Nov 06 2023 0:1:31 } [PH] info: 😎😋😎 database connection established successfully ✅✅✅
Mon Nov 06 2023 0:1:31 } [PH] info: Port
Mon Nov 06 2023 0:1:31 } [PH] info: server listening on port 
Mon Nov 06 2023 0:2:10 } [PH] info: {
  id: '00012',
  password: 'student124',
  role: 'student',
  _id: new ObjectId("6547d8a2d6261cace9b97667"),
  createdAt: 2023-11-05T18:02:10.736Z,
  updatedAt: 2023-11-05T18:02:10.736Z,
  __v: 0
}
Mon Nov 06 2023 0:7:11 } [PH] info: 😎😋😎 database connection established successfully ✅✅✅
Mon Nov 06 2023 0:7:11 } [PH] info: Port
Mon Nov 06 2023 0:7:11 } [PH] info: server listening on port 
Mon Nov 06 2023 0:7:43 } [PH] info: 😎😋😎 database connection established successfully ✅✅✅
Mon Nov 06 2023 0:7:43 } [PH] info: Port
Mon Nov 06 2023 0:7:43 } [PH] info: server listening on port 
Mon Nov 06 2023 0:11:46 } [PH] info: {
  id: '00013',
  password: 'student124',
  role: 'student',
  _id: new ObjectId("6547dae2c08b180eb958a15a"),
  createdAt: 2023-11-05T18:11:46.020Z,
  updatedAt: 2023-11-05T18:11:46.020Z,
  __v: 0
}
Mon Nov 06 2023 0:25:30 } [PH] info: 😎😋😎 database connection established successfully ✅✅✅
Mon Nov 06 2023 0:25:30 } [PH] info: Port
Mon Nov 06 2023 0:25:30 } [PH] info: server listening on port 
